#
# There is insufficient memory for the Java Runtime Environment to continue.
# Native memory allocation (mmap) failed to map 266338304 bytes for Failed to commit area from 0x0000000702a00000 to 0x0000000712800000 of length 266338304.
# Possible reasons:
#   The system is out of physical RAM or swap space
#   The process is running with CompressedOops enabled, and the Java Heap may be blocking the growth of the native heap
# Possible solutions:
#   Reduce memory load on the system
#   Increase physical memory or swap space
#   Check if swap backing store is full
#   Decrease Java heap size (-Xmx/-Xms)
#   Decrease number of Java threads
#   Decrease Java thread stack sizes (-Xss)
#   Set larger code cache with -XX:ReservedCodeCacheSize=
# This output file may be truncated or incomplete.
#
#  Out of Memory Error (./src/hotspot/os/windows/os_windows.cpp:3303), pid=16716, tid=2008
#
# JRE version:  (11.0.7+10) (build )
# Java VM: OpenJDK 64-Bit Server VM (11.0.7+10-b765.64, mixed mode, sharing, tiered, compressed oops, g1 gc, windows-amd64)
# No core dump will be written. Minidumps are not enabled by default on client versions of Windows
#

---------------  S U M M A R Y ------------

Command Line: org.jetbrains.git4idea.http.GitAskPassApp Username for 'https://gitlab.geinc.cn': 

Host: Intel(R) Core(TM) i5-10400 CPU @ 2.90GHz, 12 cores, 15G,  Windows 10 , 64 bit Build 19041 (10.0.19041.1466)
Time: Wed Jan 19 20:10:33 2022 中国标准时间 elapsed time: 0 seconds (0d 0h 0m 0s)

---------------  T H R E A D  ---------------

Current thread (0x0000023ec20ba000):  JavaThread "Unknown thread" [_thread_in_vm, id=2008, stack(0x0000009ea5900000,0x0000009ea5a00000)]

Stack: [0x0000009ea5900000,0x0000009ea5a00000]
Native frames: (J=compiled Java code, j=interpreted, Vv=VM code, C=native code)
V  [jvm.dll+0x5dda4a]
V  [jvm.dll+0x711595]
V  [jvm.dll+0x712aed]
V  [jvm.dll+0x7131a3]
V  [jvm.dll+0x23e368]
V  [jvm.dll+0x5daf04]
V  [jvm.dll+0x5d0085]
V  [jvm.dll+0x2fb0cb]
V  [jvm.dll+0x2fb03a]
V  [jvm.dll+0x2faf12]
V  [jvm.dll+0x2ffdf6]
V  [jvm.dll+0x348393]
V  [jvm.dll+0x348a96]
V  [jvm.dll+0x348493]
V  [jvm.dll+0x2d59e8]
V  [jvm.dll+0x2d6b87]
V  [jvm.dll+0x6f04e7]
V  [jvm.dll+0x6f1cdc]
V  [jvm.dll+0x355909]
V  [jvm.dll+0x6d42ae]
V  [jvm.dll+0x3bda13]
V  [jvm.dll+0x3bfc51]
C  [jli.dll+0x5363]
C  [ucrtbase.dll+0x21bb2]
C  [KERNEL32.DLL+0x17034]
C  [ntdll.dll+0x52651]


---------------  P R O C E S S  ---------------

Threads class SMR info:
_java_thread_list=0x0000023ebff632e0, length=0, elements={
}

Java Threads: ( => current thread )

Other Threads:
  0x0000023ec20d3000 GCTaskThread "GC Thread#0" [stack: 0x0000009ea5a00000,0x0000009ea5b00000] [id=11476]
  0x0000023ec212f800 ConcurrentGCThread "G1 Main Marker" [stack: 0x0000009ea5b00000,0x0000009ea5c00000] [id=13024]
  0x0000023ec2131000 ConcurrentGCThread "G1 Conc#0" [stack: 0x0000009ea5c00000,0x0000009ea5d00000] [id=19060]

[error occurred during error reporting (printing all threads), id 0xc0000005, EXCEPTION_ACCESS_VIOLATION (0xc0000005) at pc=0x00007ff8e2e95fc7]

VM state:not at safepoint (not fully initialized)

VM Mutex/Monitor currently owned by a thread:  ([mutex/lock_event])
[0x0000023ec20b5f60] Heap_lock - owner thread: 0x0000023ec20ba000

Heap address: 0x0000000702a00000, size: 4054 MB, Compressed Oops mode: Non-zero based: 0x0000000702a00000
Narrow klass base: 0x0000000000000000, Narrow klass shift: 0

GC Heap History (0 events):
No events

Deoptimization events (0 events):
No events

Classes redefined (0 events):
No events

Internal exceptions (0 events):
No events

Events (2 events):
Event: 0.004 Loaded shared library D:\Program Files\JetBrains\IntelliJ IDEA 2020.1.3\jbr\bin\zip.dll
Event: 0.004 Loaded shared library D:\Program Files\JetBrains\IntelliJ IDEA 2020.1.3\jbr\bin\jimage.dll


Dynamic libraries:
0x00007ff716770000 - 0x00007ff71677a000 	D:\Program Files\JetBrains\IntelliJ IDEA 2020.1.3\jbr\bin\java.exe
0x00007ff91df70000 - 0x00007ff91e165000 	C:\Windows\SYSTEM32\ntdll.dll
0x00007ff91d7a0000 - 0x00007ff91d85e000 	C:\Windows\System32\KERNEL32.DLL
0x00007ff91bc90000 - 0x00007ff91bf58000 	C:\Windows\System32\KERNELBASE.dll
0x00007ff91baa0000 - 0x00007ff91bba0000 	C:\Windows\System32\ucrtbase.dll
0x00007ff8fef20000 - 0x00007ff8fef39000 	D:\Program Files\JetBrains\IntelliJ IDEA 2020.1.3\jbr\bin\jli.dll
0x00007ff8fc020000 - 0x00007ff8fc037000 	D:\Program Files\JetBrains\IntelliJ IDEA 2020.1.3\jbr\bin\VCRUNTIME140.dll
0x00007ff91bfb0000 - 0x00007ff91c151000 	C:\Windows\System32\USER32.dll
0x00007ff91ba70000 - 0x00007ff91ba92000 	C:\Windows\System32\win32u.dll
0x00007ff8ff5f0000 - 0x00007ff8ff88a000 	C:\Windows\WinSxS\amd64_microsoft.windows.common-controls_6595b64144ccf1df_6.0.19041.1110_none_60b5254171f9507e\COMCTL32.dll
0x00007ff91dd90000 - 0x00007ff91ddbb000 	C:\Windows\System32\GDI32.dll
0x00007ff91c300000 - 0x00007ff91c39e000 	C:\Windows\System32\msvcrt.dll
0x00007ff91b730000 - 0x00007ff91b83d000 	C:\Windows\System32\gdi32full.dll
0x00007ff91b9d0000 - 0x00007ff91ba6d000 	C:\Windows\System32\msvcp_win.dll
0x00007ff91c3a0000 - 0x00007ff91c3d0000 	C:\Windows\System32\IMM32.DLL
0x00007ff8ef7f0000 - 0x00007ff8ef88d000 	D:\Program Files\JetBrains\IntelliJ IDEA 2020.1.3\jbr\bin\msvcp140.dll
0x00007ff8e2bb0000 - 0x00007ff8e366b000 	D:\Program Files\JetBrains\IntelliJ IDEA 2020.1.3\jbr\bin\server\jvm.dll
0x00007ff91d860000 - 0x00007ff91d90e000 	C:\Windows\System32\ADVAPI32.dll
0x00007ff91de90000 - 0x00007ff91df2c000 	C:\Windows\System32\sechost.dll
0x00007ff91d670000 - 0x00007ff91d795000 	C:\Windows\System32\RPCRT4.dll
0x00007ff91c3d0000 - 0x00007ff91c3d8000 	C:\Windows\System32\PSAPI.DLL
0x00007ff906770000 - 0x00007ff906779000 	C:\Windows\SYSTEM32\WSOCK32.dll
0x00007ff90d420000 - 0x00007ff90d447000 	C:\Windows\SYSTEM32\WINMM.dll
0x00007ff916b50000 - 0x00007ff916b5a000 	C:\Windows\SYSTEM32\VERSION.dll
0x00007ff91d380000 - 0x00007ff91d3eb000 	C:\Windows\System32\WS2_32.dll
0x00007ff919590000 - 0x00007ff9195a2000 	C:\Windows\SYSTEM32\kernel.appcore.dll
0x00007ff8ffd60000 - 0x00007ff8ffd71000 	D:\Program Files\JetBrains\IntelliJ IDEA 2020.1.3\jbr\bin\verify.dll
0x00007ff915c00000 - 0x00007ff915de4000 	C:\Windows\SYSTEM32\DBGHELP.DLL
0x00007ff915b70000 - 0x00007ff915b9c000 	C:\Windows\SYSTEM32\dbgcore.DLL
0x00007ff91bc00000 - 0x00007ff91bc82000 	C:\Windows\System32\bcryptPrimitives.dll
0x00007ff8fef40000 - 0x00007ff8fef69000 	D:\Program Files\JetBrains\IntelliJ IDEA 2020.1.3\jbr\bin\java.dll
0x00007ff8fdfb0000 - 0x00007ff8fdfc8000 	D:\Program Files\JetBrains\IntelliJ IDEA 2020.1.3\jbr\bin\zip.dll
0x00007ff901170000 - 0x00007ff90117b000 	D:\Program Files\JetBrains\IntelliJ IDEA 2020.1.3\jbr\bin\jimage.dll

dbghelp: loaded successfully - version: 4.0.5 - missing functions: none
symbol engine: initialized successfully - sym options: 0x614 - pdb path: .;D:\Program Files\JetBrains\IntelliJ IDEA 2020.1.3\jbr\bin;C:\Windows\SYSTEM32;C:\Windows\WinSxS\amd64_microsoft.windows.common-controls_6595b64144ccf1df_6.0.19041.1110_none_60b5254171f9507e;D:\Program Files\JetBrains\IntelliJ IDEA 2020.1.3\jbr\bin\server

VM Arguments:
java_command: org.jetbrains.git4idea.http.GitAskPassApp Username for 'https://gitlab.geinc.cn': 
java_class_path (initial): D:/Program Files/JetBrains/IntelliJ IDEA 2020.1.3/plugins/git4idea/lib/git4idea-rt.jar;D:/Program Files/JetBrains/IntelliJ IDEA 2020.1.3/lib/xmlrpc-2.0.1.jar;D:/Program Files/JetBrains/IntelliJ IDEA 2020.1.3/lib/commons-codec-1.14.jar;D:/Program Files/JetBrains/IntelliJ IDEA 2020.1.3/lib/util.jar
Launcher Type: SUN_STANDARD

[Global flags]
     intx CICompilerCount                          = 4                                         {product} {ergonomic}
     uint ConcGCThreads                            = 3                                         {product} {ergonomic}
     uint G1ConcRefinementThreads                  = 10                                        {product} {ergonomic}
   size_t G1HeapRegionSize                         = 1048576                                   {product} {ergonomic}
    uintx GCDrainStackTargetSize                   = 64                                        {product} {ergonomic}
   size_t InitialHeapSize                          = 266338304                                 {product} {ergonomic}
   size_t MarkStackSize                            = 4194304                                   {product} {ergonomic}
   size_t MaxHeapSize                              = 4250927104                                {product} {ergonomic}
   size_t MinHeapDeltaBytes                        = 1048576                                   {product} {ergonomic}
    uintx NonNMethodCodeHeapSize                   = 5836300                                {pd product} {ergonomic}
    uintx NonProfiledCodeHeapSize                  = 122910970                              {pd product} {ergonomic}
    uintx ProfiledCodeHeapSize                     = 122910970                              {pd product} {ergonomic}
    uintx ReservedCodeCacheSize                    = 251658240                              {pd product} {ergonomic}
     bool SegmentedCodeCache                       = true                                      {product} {ergonomic}
     bool UseCompressedClassPointers               = true                                 {lp64_product} {ergonomic}
     bool UseCompressedOops                        = true                                 {lp64_product} {ergonomic}
     bool UseG1GC                                  = true                                      {product} {ergonomic}
     bool UseLargePagesIndividualAllocation        = false                                  {pd product} {ergonomic}

Logging:
Log output configuration:
 #0: stdout all=warning uptime,level,tags
 #1: stderr all=off uptime,level,tags

Environment Variables:
JAVA_HOME=C:\Program Files\Java\jdk1.8.0_211\
CLASSPATH=;C:\Program Files\Java\jdk1.8.0_211\\lib;C:\Program Files\Java\jdk1.8.0_211\\lib\dt.jar;C:\Program Files\Java\jdk1.8.0_211\\lib\tools.jar
PATH=D:\Program Files\Git\mingw64\libexec\git-core;D:\Program Files\Git\mingw64\libexec\git-core;D:\Program Files\Git\mingw64\bin;D:\Program Files\Git\usr\bin;C:\Users\admin\bin;C:\Program Files (x86)\Common Files\Oracle\Java\javapath;C:\Windows\system32;C:\Windows;C:\Windows\System32\Wbem;C:\Windows\System32\WindowsPowerShell\v1.0;C:\Windows\System32\OpenSSH;C:\Program Files\Java\jdk1.8.0_211\bin;C:\Program Files\Java\jdk1.8.0_211\jre\bin;D:\Program Files\Git\cmd;D:\Program Files\nodejs;C:\Users\admin\AppData\Local\Microsoft\WindowsApps;D:\Program Files\Bandizip;D:\Program Files\JetBrains\IntelliJ IDEA 2020.1.3\bin;D:\Program Files (x86)\Microsoft VS Code\bin;C:\Users\admin\AppData\Roaming\npm
USERNAME=admin
DISPLAY=:0.0
OS=Windows_NT
PROCESSOR_IDENTIFIER=Intel64 Family 6 Model 165 Stepping 3, GenuineIntel



---------------  S Y S T E M  ---------------

OS: Windows 10 , 64 bit Build 19041 (10.0.19041.1466)
OS uptime: 6 days 20:33 hours

CPU:total 12 (initial active 12) (6 cores per cpu, 2 threads per core) family 6 model 165 stepping 3, cmov, cx8, fxsr, mmx, sse, sse2, sse3, ssse3, sse4.1, sse4.2, popcnt, avx, avx2, aes, clmul, erms, 3dnowpref, lzcnt, ht, tsc, tscinvbit, bmi1, bmi2, adx, fma

Memory: 4k page, system-wide physical 16213M (3188M free)
TotalPageFile size 28950M (AvailPageFile size 155M)
current process WorkingSet (physical memory assigned to process): 10M, peak: 10M
current process commit charge ("private bytes"): 64M, peak: 318M

vm_info: OpenJDK 64-Bit Server VM (11.0.7+10-b765.64) for windows-amd64 JRE (11.0.7+10-b765.64), built on Jun 22 2020 14:48:21 by "" with MS VC++ 14.0 (VS2015)

END.
